<?xml version="1.0" encoding="UTF-8"?>
<!-- Generated by org.testng.reporters.JUnitXMLReporter -->
<testsuite hostname="HP-VPR" name="Surefire test" tests="16" failures="3" timestamp="8 Dec 2020 23:22:11 GMT" time="0.041" errors="0">
  <testcase name="a1" time="0.007" classname="com.javacodegeeks.testng.reports.TestClass"/>
  <testcase name="a2" time="0.002" classname="com.javacodegeeks.testng.reports.TestClass">
    <skipped/>
  </testcase> <!-- a2 -->
  <testcase name="t1" time="0.003" classname="com.javacodegeeks.testng.reports.TestClass1">
    <failure type="java.lang.AssertionError" message="expected [true] but found [false]">
      <![CDATA[java.lang.AssertionError: expected [true] but found [false]
	at com.javacodegeeks.testng.reports.TestClass1.t1(TestClass1.java:11)
... Removed 32 stack frames]]>
    </failure>
  </testcase> <!-- t1 -->
  <testcase name="t2" time="0.0" classname="com.javacodegeeks.testng.reports.TestClass1">
    <failure type="java.lang.AssertionError" message="expected [true] but found [false]">
      <![CDATA[java.lang.AssertionError: expected [true] but found [false]
	at com.javacodegeeks.testng.reports.TestClass1.t2(TestClass1.java:16)
... Removed 32 stack frames]]>
    </failure>
  </testcase> <!-- t2 -->
  <testcase name="t3" time="0.0" classname="com.javacodegeeks.testng.reports.TestClass1"/>
  <testcase name="t4" time="0.001" classname="com.javacodegeeks.testng.reports.TestClass1"/>
  <testcase name="t5" time="0.0" classname="com.javacodegeeks.testng.reports.TestClass1"/>
  <testcase name="t5" time="0.0" classname="com.javacodegeeks.testng.reports.TestClass1"/>
  <testcase name="c1" time="0.0" classname="com.javacodegeeks.testng.reports.TestClass2"/>
  <testcase name="c2" time="0.001" classname="com.javacodegeeks.testng.reports.TestClass2"/>
  <testcase name="c3" time="0.0" classname="com.javacodegeeks.testng.reports.TestClass2"/>
  <testcase name="c4" time="0.001" classname="com.javacodegeeks.testng.reports.TestClass2">
    <failure type="java.lang.AssertionError" message="expected [true] but found [false]">
      <![CDATA[java.lang.AssertionError: expected [true] but found [false]
	at com.javacodegeeks.testng.reports.TestClass2.c4(TestClass2.java:22)
... Removed 32 stack frames]]>
    </failure>
  </testcase> <!-- c4 -->
  <testcase name="d1" time="0.0" classname="com.javacodegeeks.testng.reports.TestClass3"/>
  <testcase name="d2" time="0.0" classname="com.javacodegeeks.testng.reports.TestClass3"/>
  <testcase name="e1" time="0.001" classname="com.javacodegeeks.testng.reports.TestClass4"/>
  <testcase name="e2" time="0.0" classname="com.javacodegeeks.testng.reports.TestClass4"/>
</testsuite> <!-- Surefire test -->
