<?xml version="1.0" encoding="UTF-8"?>
<!-- Generated by org.testng.reporters.JUnitXMLReporter -->
<testsuite hostname="INMAA1-L1005" name="suite1-test2" tests="4" failures="1" timestamp="10 Mar 2015 06:23:10 GMT" time="0.0" errors="0">
  <testcase name="d1" time="0.0" classname="com.javacodegeeks.testng.reports.TestClass3"/>
  <testcase name="d2" time="0.0" classname="com.javacodegeeks.testng.reports.TestClass3"/>
  <testcase name="FactoryInstantiatedTestClass-TestNG" time="0.0" classname="com.javacodegeeks.testng.reports.FactoryInstantiatedTestClass"/>
  <testcase name="FactoryInstantiatedTestClass-Reports" time="0.0" classname="com.javacodegeeks.testng.reports.FactoryInstantiatedTestClass">
    <failure type="java.lang.AssertionError" message="expected [true] but found [false]">
      <![CDATA[java.lang.AssertionError: expected [true] but found [false]
	at com.javacodegeeks.testng.reports.FactoryInstantiatedTestClass.f(FactoryInstantiatedTestClass.java:28)
... Removed 29 stack frames]]>
    </failure>
  </testcase> <!-- FactoryInstantiatedTestClass-Reports -->
</testsuite> <!-- suite1-test2 -->
