<!DOCTYPE html>
<html>
	<head>
        <meta http-equiv="content-type" content="text/html; charset=UTF-8" />
		<title>Unnamed project Test Execution Report</title>
        <script type="text/javascript" src="http://code.jquery.com/jquery-1.6.2.min.js"></script>
        <script type="text/javascript">
            /**
            * jQuery.fn.sortElements
            * --------------
            * #author James Padolsey (http://james.padolsey.com)
            * #version 0.11
            * #updated 18-MAR-2010
            * #url https://raw.github.com/jamespadolsey/jQuery-Plugins/master/sortElements/jquery.sortElements.js
            * --------------
            * #param Function comparator:
            *   Exactly the same behaviour as [1,2,3].sort(comparator)
            *   
            * #param Function getSortable
            *   A function that should return the element that is
            *   to be sorted. The comparator will run on the
            *   current collection, but you may want the actual
            *   resulting sort to occur on a parent or another
            *   associated element.
            *   
            *   E.g. $('td').sortElements(comparator, function(){
            *      return this.parentNode; 
            *   })
            *   
            *   The <td>'s parent (<tr>) will be sorted instead
            *   of the <td> itself.
            */
            jQuery.fn.sortElements = (function () {

                var sort = [].sort;

                return function (comparator, getSortable) {

                    getSortable = getSortable || function () { return this; };

                    var placements = this.map(function () {

                        var sortElement = getSortable.call(this),
                parentNode = sortElement.parentNode,

                        // Since the element itself will change position, we have
                        // to have some way of storing it's original position in
                        // the DOM. The easiest way is to have a 'flag' node:
                nextSibling = parentNode.insertBefore(
                    document.createTextNode(''),
                    sortElement.nextSibling
                );

                        return function () {

                            if (parentNode === this) {
                                throw new Error(
                        "You can't sort elements if any one is a descendant of another."
                    );
                            }

                            // Insert before flag:
                            parentNode.insertBefore(this, nextSibling);
                            // Remove flag:
                            parentNode.removeChild(nextSibling);

                        };

                    });

                    return sort.call(this, comparator).each(function (i) {
                        placements[i].call(getSortable.call(this));
                    });

                };

            })();
        </script>
        <script type="text/javascript">
            jQuery.fn.setBarSizes = (function () {
                return function (metricName, maxBarSize, min) {
                    var max = Math.max.apply(Math, $.makeArray($(this).map(function () { return Number($(this).attr('data-sr-' + metricName)); })));
                    var scale = 1.0;
                    while (max > 0.0 && max <= 10.0) {
                        scale = scale * 10.0;
                        max = max * 10.0;
                    }
                    max = (Math.ceil(max / 2) * 2) / scale;

                    this.each(function () {
                        var barAnchor = $(this).find('a');
                        var actual = $(this).attr('data-sr-' + metricName);
                        var newHeight = Math.max(Math.round(maxBarSize * (actual - min) / (max - min)), 2);
                        barAnchor.css({ height: newHeight });
                    });

                    var unit = "";
                    if (metricName.substr(metricName.length - 4, 4) === "time")
                        unit = "s";

                    $('#testview .scale-min-label').each(function () {
                        $(this).text(min.toString() + unit);
                    });
                    $('#testview .scale-max-label').each(function () {
                        $(this).text(max.toString() + unit);
                    });
                    var mid = max / 2;
                    $('#testview .scale-mid-label').each(function () {
                        $(this).text(mid.toString() + unit);
                    });
                };
            })();

            function getComparer(metricName, isDesc) {
                return function (a, b) {
                    var aNumber = Number($(a).attr('data-sr-' + metricName));
                    var bNumber = Number($(b).attr('data-sr-' + metricName));
                    var result = aNumber > bNumber ? 1 : (aNumber < bNumber ? -1 : 0);
                    if (isDesc)
                        result = -1 * result;

                    if (result == 0 && metricName != "order")
                        result = getComparer("order", false)(a, b);

                    return result;
                };
            }

            var currentSort = "";
            function doSort(allowToggleDesc) {
                var newSort = $("input[name='barSortOrder']:checked").val();
                if (allowToggleDesc && currentSort == newSort) {
                    $('#barSortDesc').click();
                    doSort(false);
                    return;
                }
                currentSort = newSort;
                $('#testview td.testview-item').sortElements(getComparer(newSort, $('#barSortDesc').is(':checked')));
            }


            function doSetHeights(allowSort) {
                var selectedMetric = $("input[name='barHeight']:checked").val();
                $('#testview td.testview-item').setBarSizes(selectedMetric, 60, 0.0);

                if (allowSort && currentSort != selectedMetric) {
                    var $radios = $("input[name='barSortOrder']");
                    $radios.filter('[value=' + selectedMetric + ']').attr('checked', true);
                    $("#barSortDesc").attr("checked", [true]);
                    doSort(false);
                }
            }

            $(document).ready(function () {
                $("input[name='barSortOrder']").click(function () { doSort(true); return true; });
                $("input[name='barSortDesc']").change(function () { doSort(false); });
                $("input[name='barHeight']").change(function () { doSetHeights(true); });

                doSort(false);
                doSetHeights(false);

                $("div.scrollable").css({ 'overflow': 'auto' });
            });
        </script>

        <style type="text/css">
            body 
            {
                color: #000000;
                font-family: Arial,Liberation Sans,DejaVu Sans,sans-serif;
                line-height: 130%;
            }
            h1 {
                font-family: Trebuchet MS,Liberation Sans,DejaVu Sans,sans-serif;
                font-size: 170%;
                font-weight: bold;
            }            
            h2 {
                font-family: Trebuchet MS,Liberation Sans,DejaVu Sans,sans-serif;
                font-size: 130%;
                font-weight: bold;
                margin-bottom: 5px;
            }            
            h3 {
                font-family: Trebuchet MS,Liberation Sans,DejaVu Sans,sans-serif;
                font-size: 120%;
                font-weight: bold;
                margin-bottom: 5px;
            }            
            a.bar
            {
                text-decoration: none;
                display: block;
                line-height: 1px;
            }
            .description
            {
                font-style: italic;
            }
            .log 
            {
                width: 600px;
                white-space: pre-wrap;
                display: block;
                margin: 0px;
            }
            .errorMessage 
            {
                width: 600px;
                color: Red;
                font-weight: bold;
            }
            .stackTrace 
            {
                width: 600px;
                white-space: pre-wrap;
                font-style: italic;
                color: Red;
                display: block;
            }
            table.testEvents
            {
                border: solid 1px #e8eef4;
                border-collapse: collapse;
            }
            table.testEvents td
            {
                vertical-align: top;
                padding: 5px;
                border: solid 1px #e8eef4;
            }
            table.testEvents th
            {
                padding: 6px 5px;
                text-align: left;
                background-color: #e8eef4;
                border: solid 1px #e8eef4;                
            }
            .comment
            {
                font-style: italic;
                font-size: smaller;
            }
            .startupBar
            {
                background-color: #EEEEEE;
                cursor: default;
            }
            
            .colorSucceeded
            {
                background-color: #90ED7B;
            }
            .colorIgnored
            {
                background-color: #FFFF85;
            }
            .colorPending
            {
                background-color: #D47BED;
            }
            .colorNothingToRun
            {
                background-color: #CCCCFF;
            }
            .colorSkipped
            {
                background-color: #CCCCFF;
            }
            .colorInconclusive
            {
                background-color: #7BEDED;
            }
            .colorCleanupFailed
            {
                background-color: #FFCCCC;
            }
            .colorRandomlyFailed
            {
                background-color: #EDB07B;
            }
            .colorFailed
            {
                background-color: #ED5F5F;
            }
            .colorInitializationFailed
            {
                background-color: #FF0000;
            }
            .colorFrameworkError
            {
                background-color: #FF0000;
            }
            ul.subNodeLinks
            {
                padding-left: 20px;
                margin: 0px;
            }
            ul.subNodeLinks li
            {
                list-style: none;
            }
            
            /* views general */
            div.scrollable
            {
                /*overflow: auto; - thsi has to be set from js, because of an IE9 bug */
            }
            div.viewbox
            {
                position: relative;
                border: 3px solid #e8eef4;
            }
            div.viewbox table
            {
                border: 0px;
            }
                        
            /* testview */
            #testview
            {
                padding-top: 23px;
            }
            
            table.testview-items td
            {
                vertical-align: bottom;
                padding: 0px 1px 0px 1px;
            }
            td.right-padding, td.left-padding
            {
                width: 25px;
                min-width: 25px;
            }
            table.testview-items a.bar
            {
                width: 5px;
            }
            table.testview-items tr.testview-items-row
            {
                height: 60px;
            }
            
            /* scale */
            table.vertical-scale 
            {
                position: absolute;
                top: 23px;
                left: 0px;
                width: 100%;
                z-index: -100;
            }
            table.vertical-scale td, tr.horizontal-scale td
            {
                font-size: 60%;
                line-height: normal;
            }
            table.vertical-scale tr.scale-max, table.vertical-scale tr.scale-mid 
            {
                height: 30px;
            }
            tr.horizontal-scale, table.vertical-scale tr.scale-min 
            {
                height: 12px;
            }
            
            td.scale-max-label, td.scale-mid-label, td.scale-min-label
            {
                border-top: solid 1px #E6E6E6;
                text-align: left;
                vertical-align: top;
            }
            td.scale-10-label
            {
                border-left: solid 1px #E6E6E6;
                text-align: left;
                vertical-align: bottom;
                padding-left: 1px;
            }
            tr.scale-mid td, tr.scale-min td, tr.scale-max td
            {
                border-top: solid 1px #E6E6E6;
            }
           
            
            /* bar-control */
            #bar-control
            {
                font-size: 60%;
                line-height: normal;
                position: absolute;
                right: 0px;
                top: 0px;
            }
            #bar-control label
            {
                font-weight: bold;
                vertical-align: middle;
            }
            #bar-control .option
            {
                vertical-align: middle;
                text-transform: lowercase;
            }
            #bar-control input[type="checkbox"]
            {
                padding: 0 2px 0 3px;
            }
            #bar-control input
            {
                vertical-align: top;
                height: 12px;
                margin: 0px;
                padding: 0px;
            }
            #bar-control div
            {
                float: right;
                margin: 3px 5px 3px 5px;
            }

            /* timeline view */
            #timelineview
            {
                padding-top: 5px;
            }
            table.timelineview a
            {
                height: 20px;
            }
            table.timelineview td
            {
                vertical-align: bottom;
                padding: 0px 1px 0px 0px;
                border: 0px;
            }
            tr.thread-items-row
            {
                height: 25px;
            }
            tr.thread-items-row td
            {
                vertical-align: bottom;
            }
            td.thread-label
            {
                padding: 0px 6px 0px 6px;
                text-align: right;
                line-height: 18px;
                vertical-align: bottom;
            }
            th.thread-label
            {
                padding: 3px 6px 0px 6px;
                line-height: 18px;
                text-align: left;
                vertical-align: bottom;
            }
        </style>
	</head>
	<body>
        <h1>Unnamed project Test Execution Report</h1>
        
    <ul>
        <li>Project: Unnamed project</li>
        <li>Configuration: </li>
        <li>Test Assemblies: C:\vidapogosoft\Cursos\2021\SIPECOM\Testing\code\NetSpecFlow1\BDDProject1\bin\Debug\net472\BDDProject1.dll</li>
        <li>Start Time: 5/6/2021 12:10:06 AM</li>
        <li>Duration: 00:00:47.7274238</li>
        <li>Test Threads: 1</li>
    </ul>


        <h2>Result: 1 failed</h2>
        <table class="testEvents">
                <tr>
        <th colspan="2">Success rate</th>
        <th>Tests</th>
        <th>Succeeded</th>
        <th>Failed</th>
        <th>Pending</th>
        <th>Ignored</th>
        <th>Skipped</th>
    </tr>

                <td>
            0%
    </td>
    <td>
            <table class="timelineview" cellpadding="0" cellspacing="0">
        <tr>
    <td>
        <a class="bar colorFailed" 
           style="width: 199px;" 
           title="1 failed" 
                          href="#error_summary"
        ></a>
    </td>
        </tr>
    </table>

    </td>
    <td>1 (test executions: 3)</td>
    <td>0</td>
    <td>1</td>
    <td>0</td>
    <td>0</td>
    <td>0</td>

        </table>
        
        <h2>Test Timeline Summary</h2>

        <div id="timelineview" class="viewbox">
            <div class="scrollable">
                <table cellpadding="0" cellspacing="0">
                    <tr>
                        <th class="thread-label" colspan="2">thread</th>
                    </tr>
                        <tr class="thread-items-row">
                            <td class="thread-label" title="Machine: HP-VPR2">#0</td>
                            <td colspan="1">
                                <table class="timelineview" cellpadding="0" cellspacing="0">
                                    <tr>

                                            <td>
        <a
            class="bar startupBar" 
            style="width: 3px;" 
                title="test thread startup" 
        >&nbsp;</a>
    </td>

    <td>
        <a
            class="bar colorFailed" 
            style="width: 3px;" 
                title="Login Exitoso (in DataDriverSimple)" 
                href="#t-1876972783.0"
        >&nbsp;</a>
    </td>
    <td>
        <a
            class="bar colorFailed" 
            style="width: 4px;" 
                title="Login Exitoso (in DataDriverSimple) retry #1" 
                href="#t-1876972783.1"
        >&nbsp;</a>
    </td>
    <td>
        <a
            class="bar colorFailed" 
            style="width: 7px;" 
                title="Login Exitoso (in DataDriverSimple) retry #2" 
                href="#t-1876972783.2"
        >&nbsp;</a>
    </td>
                                    </tr>
                                </table>
                            </td>
                        </tr>
                    <tr class="horizontal-scale">
                        <td>&nbsp;</td>
                        <td class="scale-10-label">0s</td>
                    </tr>
                </table>
            </div>
        </div>

        
    <h2>Test Result View</h2>
    <div id="testview" class="viewbox">
        <div id="bar-control">
            <div id="bar-control-sort">
                <label>sort by:</label>
                <span class="option"><input type="radio" name="barSortOrder" value="exectime" />Time</span>
                <span class="option"><input type="radio" name="barSortOrder" value="acttime" />Act Time</span>
                <span class="option"><input type="radio" name="barSortOrder" value="order" />Execution</span>
                <span class="option"><input type="radio" name="barSortOrder" value="rescode" checked="checked" />Result</span>
                <span class="option"><input type="checkbox" name="barSortDesc" id="barSortDesc" checked="checked" />desc</span>
            </div>
            <div id="bar-control-heights">
                <label>heights:</label>
                <span class="option"><input type="radio" checked="checked" name="barHeight" value="exectime" />Time</span>
                <span class="option"><input type="radio" name="barHeight" value="acttime" />Act Time</span>
            </div>
        </div>
        <table class="vertical-scale" cellpadding="0" cellspacing="0">
            <tr class="scale-max">
                <td class="left-padding scale-max-label">&nbsp;</td>
                <td colspan="3">&nbsp;</td>
                <td class="right-padding">&nbsp;</td>
            </tr>
            <tr class="scale-mid">
                <td class="left-padding scale-mid-label">&nbsp;</td>
                <td colspan="3">&nbsp;</td>
                <td class="right-padding">&nbsp;</td>
            </tr>
            <tr class="scale-min">
                <td class="left-padding scale-min-label">&nbsp;</td>
                <td colspan="3">&nbsp;</td>
                <td class="right-padding">&nbsp;</td>
            </tr>
        </table>
        <div class="scrollable">
            <table class="testview-items" cellpadding="0" cellspacing="0">
                <tr class="testview-items-row">
                    <td class="left-padding">&nbsp;</td>
    <td class="testview-item" 
        data-sr-exectime="15.6071916" data-sr-rescode="540" data-sr-order="0" data-sr-acttime="1.41">
        <a
            class="bar colorFailed" 
            style="height: 53px;"
            title="Login Exitoso (in DataDriverSimple)"
            href="#t-1876972783.0">&nbsp;</a>
    </td>
    <td class="testview-item" 
        data-sr-exectime="11.5014684" data-sr-rescode="540" data-sr-order="1" data-sr-acttime="1.287">
        <a
            class="bar colorFailed" 
            style="height: 39px;"
            title="Login Exitoso (in DataDriverSimple) retry #1"
            href="#t-1876972783.1">&nbsp;</a>
    </td>
    <td class="testview-item" 
        data-sr-exectime="17.5553802" data-sr-rescode="540" data-sr-order="2" data-sr-acttime="0.015">
        <a
            class="bar colorFailed" 
            style="height: 60px;"
            title="Login Exitoso (in DataDriverSimple) retry #2"
            href="#t-1876972783.2">&nbsp;</a>
    </td>
                    <td class="right-padding">&nbsp;</td>
                </tr>
                <tr class="horizontal-scale">
                    <td class="left-padding">&nbsp;</td>
                    <td colspan="10">&nbsp;</td>
                </tr>
            </table>
        </div>
    </div>

        
        
    <h2>Feature Summary</h2>
    <table class="testEvents">
            <tr>
            <th>Feature</th>
        <th colspan="2">Success rate</th>
        <th>Tests</th>
        <th>Succeeded</th>
        <th>Failed</th>
        <th>Pending</th>
        <th>Ignored</th>
        <th>Skipped</th>
            <th>Duration</th>
    </tr>


            <tr>
                <td><a href="#f-41944055">DataDriverSimple</a></td>
                    <td>
            0%
    </td>
    <td>
            <table class="timelineview" cellpadding="0" cellspacing="0">
        <tr>
    <td>
        <a class="bar colorFailed" 
           style="width: 599px;" 
           title="1 failed" 
                          href="#error_summary"
        ></a>
    </td>
        </tr>
    </table>

    </td>
    <td>1 (test executions: 3)</td>
    <td>0</td>
    <td>3</td>
    <td>0</td>
    <td>0</td>
    <td>0</td>
        <td>00:00:44.6640402</td>

            </tr>
    </table>


        <a name="error_summary" />
        <h2>Error Summary</h2>
        <table class="testEvents">
                <tr>
            <th>Test</th>
        <th colspan="2">Success rate</th>
        <th>Tests</th>
        <th>Succeeded</th>
        <th>Failed</th>
        <th>Pending</th>
        <th>Ignored</th>
        <th>Skipped</th>
    </tr>

                <tr>
                    <td>
                        <a href="#t-1876972783.0">Login Exitoso (in BDDProject1, DataDriverSimple)</a>
                            <a href="#t-1876972783.1">retry #1</a>
                            <a href="#t-1876972783.2">retry #2</a>
                    </td>
                        <td>
            0%
    </td>
    <td>
            <table class="timelineview" cellpadding="0" cellspacing="0">
        <tr>
    <td>
        <a class="bar colorFailed" 
           style="width: 599px;" 
           title="1 failed" 
                          href="#error_summary"
        ></a>
    </td>
        </tr>
    </table>

    </td>
    <td>1 (test executions: 3)</td>
    <td>0</td>
    <td>3</td>
    <td>0</td>
    <td>0</td>
    <td>0</td>

                </tr>
                <tr>
                    <td colspan="9" style="padding-left: 20px;"><div class="errorMessage">Error:   Expected string length 26 but was 24. Strings differ at index 19.
  Expected: &quot;https://demoqa.com/profile&quot;
  But was:  &quot;https://demoqa.com/login&quot;
  ------------------------------^
, retry #1: Multiple failures or warnings in test:
  1)   Expected string length 26 but was 24. Strings differ at index 19.
  Expected: &quot;https://demoqa.com/profile&quot;
  But was:  &quot;https://demoqa.com/login&quot;
  ------------------------------^

  2)   Expected string length 26 but was 24. Strings differ at index 19.
  Expected: &quot;https://demoqa.com/profile&quot;
  But was:  &quot;https://demoqa.com/login&quot;
  ------------------------------^

, retry #2: chrome not reachable
  (Session info: chrome=90.0.4430.93)</div></td>
                </tr>
        </table>

        <h2>Scenario Summary</h2>
            <a name="f-41944055" />
            <h3>Feature: DataDriverSimple</h3>
                <div class="description"><pre>	Login en web site Demo QA</pre>
                </div>
            <table class="testEvents">
                    <tr>
            <th>Test</th>
        <th colspan="2">Success rate</th>
        <th>Tests</th>
        <th>Succeeded</th>
        <th>Failed</th>
        <th>Pending</th>
        <th>Ignored</th>
        <th>Skipped</th>
            <th>Duration</th>
    </tr>

                    <tr>
                        <td>
                                    <a href="#t-1876972783.0">Scenario: Login Exitoso</a>
            <a href="#t-1876972783.1">retry #1</a>
            <a href="#t-1876972783.2">retry #2</a>

                        </td>
                        
                            <td>
            0%
    </td>
    <td>
            <table class="timelineview" cellpadding="0" cellspacing="0">
        <tr>
    <td>
        <a class="bar colorFailed" 
           style="width: 599px;" 
           title="1 failed" 
                          href="#error_summary"
        ></a>
    </td>
        </tr>
    </table>

    </td>
    <td>1 (test executions: 3)</td>
    <td>0</td>
    <td>3</td>
    <td>0</td>
    <td>0</td>
    <td>0</td>
        <td>00:00:44.6640402</td>

                        
                    </tr>
            </table>

        <h2>Execution Details</h2>
            <a name="t-1876972783.0" />
            <h3>Scenario: Login Exitoso (in BDDProject1, DataDriverSimple)</h3>
            <ul>
                <li>Status: Failed</li>
                <li>Start time: 5/6/2021 12:10:08 AM</li>
                <li>Execution time (sec): 15.6071916</li>
                <li>Thread: #0</li>
                <li>Error:   Expected string length 26 but was 24. Strings differ at index 19.
  Expected: &quot;https://demoqa.com/profile&quot;
  But was:  &quot;https://demoqa.com/login&quot;
  ------------------------------^
</li>
            </ul>
            <table class="testEvents">
                <tr>
                    <th>Steps</th>
                    <th>Trace</th>
                    <th>Result</th>
                </tr>
                    <tr>
                        <td>
                            <pre class="log">Given Usuario se dirige a web site demoqa.com/login</pre>
                        </td>
                        <td>
                            <!-- [TestArrange: Scenario - Login Exitoso] -->
                            <pre class="log">done: DataDriverSimpleSteps.GivenUsuarioSeDirigeAWebSiteDemoqa_ComLogin() (13.2s)</pre>
                        </td>
                        <td>Succeeded in 13.329s</td>
                    </tr>
                    <tr>
                        <td>
                            <pre class="log">When usuario ingresa credenciales</pre>
                        </td>
                        <td>
                            <!-- [TestAct: Scenario - Login Exitoso] -->
                            <pre class="log">done: DataDriverSimpleSteps.WhenUsuarioIngresaCredenciales() (1.3s)</pre>
                        </td>
                        <td>Succeeded in 1.326s</td>
                    </tr>
                    <tr>
                        <td>
                            <pre class="log">And realiza click en boton Login</pre>
                        </td>
                        <td>
                            <!-- [TestAct: Scenario - Login Exitoso] -->
                            <pre class="log">done: DataDriverSimpleSteps.WhenRealizaClickEnBotonLogin() (0.1s)</pre>
                        </td>
                        <td>Succeeded in 0.085s</td>
                    </tr>
                    <tr>
                        <td>
                            <pre class="log">Then Login es exitoso</pre>
                        </td>
                        <td>
                            <!-- [TestAssert: Scenario - Login Exitoso] -->
                            <pre class="log">error:   Expected string length 26 but was 24. Strings differ at index 19.
  Expected: &quot;https://demoqa.com/profile&quot;
  But was:  &quot;https://demoqa.com/login&quot;
  ------------------------------^
 (0.7s)</pre>
                                <div class="errorMessage">  Expected string length 26 but was 24. Strings differ at index 19.
  Expected: &quot;https://demoqa.com/profile&quot;
  But was:  &quot;https://demoqa.com/login&quot;
  ------------------------------^
</div>
                                <pre class="stackTrace">NUnit.Framework.AssertionException:   Expected string length 26 but was 24. Strings differ at index 19.
  Expected: &quot;https://demoqa.com/profile&quot;
  But was:  &quot;https://demoqa.com/login&quot;
  ------------------------------^

   at NUnit.Framework.Assert.ReportFailure(String message)
   at NUnit.Framework.Assert.ReportFailure(ConstraintResult result, String message, Object[] args)
   at NUnit.Framework.Assert.That[TActual](TActual actual, IResolveConstraint expression, String message, Object[] args)
   at NUnit.Framework.Assert.AreEqual(Object expected, Object actual)
   at BDDProject1.Steps.DataDriverSimpleSteps.ThenLoginEsExitoso() in C:\vidapogosoft\Cursos\2021\SIPECOM\Testing\code\NetSpecFlow1\BDDProject1\Steps\DataDriverSimpleSteps.cs:line 52
   at lambda_method(Closure , IContextManager )
   at TechTalk.SpecFlow.Bindings.BindingInvoker.InvokeBinding(IBinding binding, IContextManager contextManager, Object[] arguments, ITestTracer testTracer, TimeSpan&amp; duration)
   at TechTalk.SpecRun.SpecFlowPlugin.Runtime.RunnerTestExecutionEngine.ExecuteStepMatch(BindingMatch match, Object[] arguments, TimeSpan&amp; duration)
   at TechTalk.SpecFlow.Infrastructure.TestExecutionEngine.ExecuteStep(IContextManager contextManager, StepInstance stepInstance)
   at TechTalk.SpecFlow.Infrastructure.TestExecutionEngine.OnAfterLastStep()
   at TechTalk.SpecRun.SpecFlowPlugin.Runtime.RunnerTestExecutionEngine.OnAfterLastStep()
   at TechTalk.SpecFlow.TestRunner.CollectScenarioErrors()
   at BDDProject1.Features.DataDriverSimpleFeature.ScenarioCleanup()
   at BDDProject1.Features.DataDriverSimpleFeature.LoginExitoso() in C:\vidapogosoft\Cursos\2021\SIPECOM\Testing\code\NetSpecFlow1\BDDProject1\Features\DataDriverSimple.feature:line 9
   at TechTalk.SpecRun.Framework.TaskExecutors.StaticOrInstanceMethodExecutor.ExecuteInternal(ITestThreadExecutionContext testThreadExecutionContext)
   at TechTalk.SpecRun.Framework.TaskExecutors.StaticOrInstanceMethodExecutor.Execute(ITestThreadExecutionContext testThreadExecutionContext)
   at TechTalk.SpecRun.Framework.TestNodeTask.Execute()</pre>
                        </td>
                        <td>Failed in 0.811s</td>
                    </tr>
            </table>
            <a name="t-1876972783.1" />
            <h3>Scenario: Login Exitoso (in BDDProject1, DataDriverSimple) retry #1</h3>
            <ul>
                <li>Status: Failed</li>
                <li>Start time: 5/6/2021 12:10:23 AM</li>
                <li>Execution time (sec): 11.5014684</li>
                <li>Thread: #0</li>
                <li>Error: Multiple failures or warnings in test:
  1)   Expected string length 26 but was 24. Strings differ at index 19.
  Expected: &quot;https://demoqa.com/profile&quot;
  But was:  &quot;https://demoqa.com/login&quot;
  ------------------------------^

  2)   Expected string length 26 but was 24. Strings differ at index 19.
  Expected: &quot;https://demoqa.com/profile&quot;
  But was:  &quot;https://demoqa.com/login&quot;
  ------------------------------^

</li>
            </ul>
            <table class="testEvents">
                <tr>
                    <th>Steps</th>
                    <th>Trace</th>
                    <th>Result</th>
                </tr>
                    <tr>
                        <td>
                            <pre class="log">Given Usuario se dirige a web site demoqa.com/login</pre>
                        </td>
                        <td>
                            <!-- [TestArrange: Scenario - Login Exitoso] -->
                            <pre class="log">done: DataDriverSimpleSteps.GivenUsuarioSeDirigeAWebSiteDemoqa_ComLogin() (10.2s)</pre>
                        </td>
                        <td>Succeeded in 10.172s</td>
                    </tr>
                    <tr>
                        <td>
                            <pre class="log">When usuario ingresa credenciales</pre>
                        </td>
                        <td>
                            <!-- [TestAct: Scenario - Login Exitoso] -->
                            <pre class="log">done: DataDriverSimpleSteps.WhenUsuarioIngresaCredenciales() (1.0s)</pre>
                        </td>
                        <td>Succeeded in 0.986s</td>
                    </tr>
                    <tr>
                        <td>
                            <pre class="log">And realiza click en boton Login</pre>
                        </td>
                        <td>
                            <!-- [TestAct: Scenario - Login Exitoso] -->
                            <pre class="log">done: DataDriverSimpleSteps.WhenRealizaClickEnBotonLogin() (0.3s)</pre>
                        </td>
                        <td>Succeeded in 0.301s</td>
                    </tr>
                    <tr>
                        <td>
                            <pre class="log">Then Login es exitoso</pre>
                        </td>
                        <td>
                            <!-- [TestAssert: Scenario - Login Exitoso] -->
                            <pre class="log">error: Multiple failures or warnings in test:
  1)   Expected string length 26 but was 24. Strings differ at index 19.
  Expected: &quot;https://demoqa.com/profile&quot;
  But was:  &quot;https://demoqa.com/login&quot;
  ------------------------------^

  2)   Expected string length 26 but was 24. Strings differ at index 19.
  Expected: &quot;https://demoqa.com/profile&quot;
  But was:  &quot;https://demoqa.com/login&quot;
  ------------------------------^

 (0.0s)</pre>
                                <div class="errorMessage">Multiple failures or warnings in test:
  1)   Expected string length 26 but was 24. Strings differ at index 19.
  Expected: &quot;https://demoqa.com/profile&quot;
  But was:  &quot;https://demoqa.com/login&quot;
  ------------------------------^

  2)   Expected string length 26 but was 24. Strings differ at index 19.
  Expected: &quot;https://demoqa.com/profile&quot;
  But was:  &quot;https://demoqa.com/login&quot;
  ------------------------------^

</div>
                                <pre class="stackTrace">NUnit.Framework.AssertionException: Multiple failures or warnings in test:
  1)   Expected string length 26 but was 24. Strings differ at index 19.
  Expected: &quot;https://demoqa.com/profile&quot;
  But was:  &quot;https://demoqa.com/login&quot;
  ------------------------------^

  2)   Expected string length 26 but was 24. Strings differ at index 19.
  Expected: &quot;https://demoqa.com/profile&quot;
  But was:  &quot;https://demoqa.com/login&quot;
  ------------------------------^


   at NUnit.Framework.Assert.ReportFailure(String message)
   at NUnit.Framework.Assert.ReportFailure(ConstraintResult result, String message, Object[] args)
   at NUnit.Framework.Assert.That[TActual](TActual actual, IResolveConstraint expression, String message, Object[] args)
   at NUnit.Framework.Assert.AreEqual(Object expected, Object actual)
   at BDDProject1.Steps.DataDriverSimpleSteps.ThenLoginEsExitoso() in C:\vidapogosoft\Cursos\2021\SIPECOM\Testing\code\NetSpecFlow1\BDDProject1\Steps\DataDriverSimpleSteps.cs:line 52
   at lambda_method(Closure , IContextManager )
   at TechTalk.SpecFlow.Bindings.BindingInvoker.InvokeBinding(IBinding binding, IContextManager contextManager, Object[] arguments, ITestTracer testTracer, TimeSpan&amp; duration)
   at TechTalk.SpecRun.SpecFlowPlugin.Runtime.RunnerTestExecutionEngine.ExecuteStepMatch(BindingMatch match, Object[] arguments, TimeSpan&amp; duration)
   at TechTalk.SpecFlow.Infrastructure.TestExecutionEngine.ExecuteStep(IContextManager contextManager, StepInstance stepInstance)
   at TechTalk.SpecFlow.Infrastructure.TestExecutionEngine.OnAfterLastStep()
   at TechTalk.SpecRun.SpecFlowPlugin.Runtime.RunnerTestExecutionEngine.OnAfterLastStep()
   at TechTalk.SpecFlow.TestRunner.CollectScenarioErrors()
   at BDDProject1.Features.DataDriverSimpleFeature.ScenarioCleanup()
   at BDDProject1.Features.DataDriverSimpleFeature.LoginExitoso() in C:\vidapogosoft\Cursos\2021\SIPECOM\Testing\code\NetSpecFlow1\BDDProject1\Features\DataDriverSimple.feature:line 9
   at TechTalk.SpecRun.Framework.TaskExecutors.StaticOrInstanceMethodExecutor.ExecuteInternal(ITestThreadExecutionContext testThreadExecutionContext)
   at TechTalk.SpecRun.Framework.TaskExecutors.StaticOrInstanceMethodExecutor.Execute(ITestThreadExecutionContext testThreadExecutionContext)
   at TechTalk.SpecRun.Framework.TestNodeTask.Execute()</pre>
                        </td>
                        <td>Failed in 0.039s</td>
                    </tr>
            </table>
            <a name="t-1876972783.2" />
            <h3>Scenario: Login Exitoso (in BDDProject1, DataDriverSimple) retry #2</h3>
            <ul>
                <li>Status: Failed</li>
                <li>Start time: 5/6/2021 12:10:35 AM</li>
                <li>Execution time (sec): 17.5553802</li>
                <li>Thread: #0</li>
                <li>Error: chrome not reachable
  (Session info: chrome=90.0.4430.93)</li>
            </ul>
            <table class="testEvents">
                <tr>
                    <th>Steps</th>
                    <th>Trace</th>
                    <th>Result</th>
                </tr>
                    <tr>
                        <td>
                            <pre class="log">Given Usuario se dirige a web site demoqa.com/login</pre>
                        </td>
                        <td>
                            <!-- [TestArrange: Scenario - Login Exitoso] -->
                            <pre class="log">error: chrome not reachable
  (Session info: chrome=90.0.4430.93) (17.5s)</pre>
                                <div class="errorMessage">chrome not reachable
  (Session info: chrome=90.0.4430.93)</div>
                                <pre class="stackTrace">OpenQA.Selenium.WebDriverException: chrome not reachable
  (Session info: chrome=90.0.4430.93)
   at OpenQA.Selenium.Remote.RemoteWebDriver.UnpackAndThrowOnError(Response errorResponse)
   at OpenQA.Selenium.Remote.RemoteWebDriver.Execute(String driverCommandToExecute, Dictionary`2 parameters)
   at OpenQA.Selenium.Remote.RemoteWindow.Maximize()
   at BDDProject1.Steps.DataDriverSimpleSteps.GivenUsuarioSeDirigeAWebSiteDemoqa_ComLogin() in C:\vidapogosoft\Cursos\2021\SIPECOM\Testing\code\NetSpecFlow1\BDDProject1\Steps\DataDriverSimpleSteps.cs:line 26
   at lambda_method(Closure , IContextManager )
   at TechTalk.SpecFlow.Bindings.BindingInvoker.InvokeBinding(IBinding binding, IContextManager contextManager, Object[] arguments, ITestTracer testTracer, TimeSpan&amp; duration)
   at TechTalk.SpecRun.SpecFlowPlugin.Runtime.RunnerTestExecutionEngine.ExecuteStepMatch(BindingMatch match, Object[] arguments, TimeSpan&amp; duration)
   at TechTalk.SpecFlow.Infrastructure.TestExecutionEngine.ExecuteStep(IContextManager contextManager, StepInstance stepInstance)
   at TechTalk.SpecFlow.Infrastructure.TestExecutionEngine.OnAfterLastStep()
   at TechTalk.SpecRun.SpecFlowPlugin.Runtime.RunnerTestExecutionEngine.OnAfterLastStep()
   at TechTalk.SpecFlow.TestRunner.CollectScenarioErrors()
   at BDDProject1.Features.DataDriverSimpleFeature.ScenarioCleanup()
   at BDDProject1.Features.DataDriverSimpleFeature.LoginExitoso() in C:\vidapogosoft\Cursos\2021\SIPECOM\Testing\code\NetSpecFlow1\BDDProject1\Features\DataDriverSimple.feature:line 9
   at TechTalk.SpecRun.Framework.TaskExecutors.StaticOrInstanceMethodExecutor.ExecuteInternal(ITestThreadExecutionContext testThreadExecutionContext)
   at TechTalk.SpecRun.Framework.TaskExecutors.StaticOrInstanceMethodExecutor.Execute(ITestThreadExecutionContext testThreadExecutionContext)
   at TechTalk.SpecRun.Framework.TestNodeTask.Execute()</pre>
                        </td>
                        <td>Failed in 17.529s</td>
                    </tr>
                    <tr>
                        <td>
                            <pre class="log">When usuario ingresa credenciales</pre>
                        </td>
                        <td>
                            <!-- [TestAct: Scenario - Login Exitoso] -->
                            <pre class="log">skipped because of previous errors</pre>
                        </td>
                        <td>Skipped in 0.012s</td>
                    </tr>
                    <tr>
                        <td>
                            <pre class="log">And realiza click en boton Login</pre>
                        </td>
                        <td>
                            <!-- [TestAct: Scenario - Login Exitoso] -->
                            <pre class="log">skipped because of previous errors</pre>
                        </td>
                        <td>Skipped in 0.003s</td>
                    </tr>
                    <tr>
                        <td>
                            <pre class="log">Then Login es exitoso</pre>
                        </td>
                        <td>
                            <!-- [TestAssert: Scenario - Login Exitoso] -->
                            <pre class="log">skipped because of previous errors</pre>
                        </td>
                        <td>Skipped in 0.006s</td>
                    </tr>
            </table>
	</body>
</html>