<?xml version="1.0" encoding="UTF-8"?>
<!-- Generated by org.testng.reporters.JUnitXMLReporter -->
<testsuite hostname="INMAA1-L1005" name="main-suite-test1" tests="8" failures="2" timestamp="10 Mar 2015 06:23:10 GMT" time="0.098" errors="0">
  <testcase name="a1" time="0.0" classname="com.javacodegeeks.testng.reports.TestClass"/>
  <testcase name="a2" time="0.001" classname="com.javacodegeeks.testng.reports.TestClass">
    <skipped/>
  </testcase> <!-- a2 -->
  <testcase name="t1" time="0.0" classname="com.javacodegeeks.testng.reports.TestClass1">
    <failure type="java.lang.AssertionError" message="expected [true] but found [false]">
      <![CDATA[java.lang.AssertionError: expected [true] but found [false]
	at com.javacodegeeks.testng.reports.TestClass1.t1(TestClass1.java:11)
... Removed 28 stack frames]]>
    </failure>
  </testcase> <!-- t1 -->
  <testcase name="t2" time="0.001" classname="com.javacodegeeks.testng.reports.TestClass1">
    <failure type="java.lang.AssertionError" message="expected [true] but found [false]">
      <![CDATA[java.lang.AssertionError: expected [true] but found [false]
	at com.javacodegeeks.testng.reports.TestClass1.t2(TestClass1.java:16)
... Removed 28 stack frames]]>
    </failure>
  </testcase> <!-- t2 -->
  <testcase name="t3" time="0.0" classname="com.javacodegeeks.testng.reports.TestClass1"/>
  <testcase name="t4" time="0.001" classname="com.javacodegeeks.testng.reports.TestClass1"/>
  <testcase name="t5" time="0.0" classname="com.javacodegeeks.testng.reports.TestClass1"/>
  <testcase name="t5" time="0.0" classname="com.javacodegeeks.testng.reports.TestClass1"/>
</testsuite> <!-- main-suite-test1 -->
